00:29:01.859 INFO  ####  SERVER INITIALIZING  #### 
00:29:01.859 INFO  ####  LOADING MODULES  ####
 
00:29:01.859 INFO  ####  LOADING ENVIRONMENT VARIABLES  #### 
00:29:01.864 INFO  ####  ENVIRONMENT VARIABLES LOADED  #### 
00:29:01.864 INFO  ####  LOADING  EXPRESS #### 
00:29:01.865 INFO  #### ( log_rotate ) LOG ROTATE Scheduled  ####
 
00:29:01.865 INFO  #### EXPRESS LOADED #### 
00:29:01.865 INFO  ####  LOADING  MONGOOSE #### 
00:29:01.895 INFO  #### MONGOOSE LOADED #### 
00:29:01.903 INFO  #### ( get_data ) Event Scheduled  ####
 
00:29:01.903 INFO  Listening on PORT: 5000 
00:29:01.904 INFO  ####  SERVER INITIALIZED   #### 
00:29:15.135 INFO  ####  SERVER INITIALIZING  #### 
00:29:15.135 INFO  ####  LOADING MODULES  ####
 
00:29:15.135 INFO  ####  LOADING ENVIRONMENT VARIABLES  #### 
00:29:15.139 INFO  ####  ENVIRONMENT VARIABLES LOADED  #### 
00:29:15.139 INFO  ####  LOADING  EXPRESS #### 
00:29:15.141 INFO  #### ( log_rotate ) LOG ROTATE Scheduled  ####
 
00:29:15.141 INFO  #### EXPRESS LOADED #### 
00:29:15.141 INFO  ####  LOADING  MONGOOSE #### 
00:29:15.171 INFO  #### MONGOOSE LOADED #### 
00:29:15.178 INFO  #### ( get_data ) Event Scheduled  ####
 
00:29:15.179 INFO  Listening on PORT: 5000 
00:29:15.179 INFO  ####  SERVER INITIALIZED   #### 
00:29:44.927 INFO  ####  SERVER INITIALIZING  #### 
00:29:44.927 INFO  ####  LOADING MODULES  ####
 
00:29:44.927 INFO  ####  LOADING ENVIRONMENT VARIABLES  #### 
00:29:44.932 INFO  ####  ENVIRONMENT VARIABLES LOADED  #### 
00:29:44.932 INFO  ####  LOADING  EXPRESS #### 
00:29:44.934 INFO  #### ( log_rotate ) LOG ROTATE Scheduled  ####
 
00:29:44.934 INFO  #### EXPRESS LOADED #### 
00:29:44.934 INFO  ####  LOADING  MONGOOSE #### 
00:29:44.976 INFO  #### MONGOOSE LOADED #### 
00:29:44.995 INFO  #### ( get_data ) Event Scheduled  ####
 
00:29:44.995 INFO  Listening on PORT: 5000 
00:29:44.996 INFO  ####  SERVER INITIALIZED   #### 
00:29:56.983 INFO  ####  SERVER INITIALIZING  #### 
00:30:00.748 INFO  ####  SERVER INITIALIZING  #### 
00:30:00.748 INFO  ####  LOADING MODULES  ####
 
00:30:00.748 INFO  ####  LOADING ENVIRONMENT VARIABLES  #### 
00:30:00.752 INFO  ####  ENVIRONMENT VARIABLES LOADED  #### 
00:30:00.752 INFO  ####  LOADING  EXPRESS #### 
00:30:00.754 INFO  #### ( log_rotate ) LOG ROTATE Scheduled  ####
 
00:30:00.754 INFO  #### EXPRESS LOADED #### 
00:30:00.754 INFO  ####  LOADING  MONGOOSE #### 
00:30:00.785 INFO  #### MONGOOSE LOADED #### 
00:30:00.793 INFO  #### ( get_data ) Event Scheduled  ####
 
00:30:00.793 INFO  Listening on PORT: 5000 
00:30:00.793 INFO  ####  SERVER INITIALIZED   #### 
01:06:52.674 INFO  ####  SERVER INITIALIZING  #### 
01:06:52.674 INFO  ####  LOADING MODULES  ####
 
01:06:52.674 INFO  ####  LOADING ENVIRONMENT VARIABLES  #### 
01:06:52.678 INFO  ####  ENVIRONMENT VARIABLES LOADED  #### 
01:06:52.679 INFO  ####  LOADING  EXPRESS #### 
01:06:52.680 INFO  #### ( log_rotate ) LOG ROTATE Scheduled  ####
 
01:06:52.680 INFO  #### EXPRESS LOADED #### 
01:06:52.680 INFO  ####  LOADING  MONGOOSE #### 
01:06:52.713 INFO  #### MONGOOSE LOADED #### 
01:06:52.721 INFO  #### ( get_data ) Event Scheduled  ####
 
01:06:52.721 INFO  Listening on PORT: 5000 
01:06:52.721 INFO  ####  SERVER INITIALIZED   #### 
17:39:21.783 INFO  ####  SERVER INITIALIZING  #### 
17:39:21.783 INFO  ####  LOADING MODULES  ####
 
17:39:21.783 INFO  ####  LOADING ENVIRONMENT VARIABLES  #### 
17:39:21.800 INFO  ####  ENVIRONMENT VARIABLES LOADED  #### 
17:39:21.800 INFO  ####  LOADING  EXPRESS #### 
17:39:21.806 INFO  #### ( log_rotate ) LOG ROTATE Scheduled  ####
 
17:39:21.806 INFO  #### EXPRESS LOADED #### 
17:39:21.806 INFO  ####  LOADING  MONGOOSE #### 
17:39:21.971 INFO  #### MONGOOSE LOADED #### 
17:39:21.999 INFO  #### ( get_data ) Event Scheduled  ####
 
17:39:22.000 INFO  Listening on PORT: 5000 
17:39:22.002 INFO  ####  SERVER INITIALIZED   #### 
17:40:18.560 INFO  ####  SERVER INITIALIZING  #### 
17:40:18.560 INFO  ####  LOADING MODULES  ####
 
17:40:18.560 INFO  ####  LOADING ENVIRONMENT VARIABLES  #### 
17:40:18.586 INFO  ####  ENVIRONMENT VARIABLES LOADED  #### 
17:40:18.586 INFO  ####  LOADING  EXPRESS #### 
17:40:18.593 INFO  #### ( log_rotate ) LOG ROTATE Scheduled  ####
 
17:40:18.593 INFO  #### EXPRESS LOADED #### 
17:40:18.593 INFO  ####  LOADING  MONGOOSE #### 
17:40:18.820 INFO  #### MONGOOSE LOADED #### 
17:40:18.853 INFO  #### ( get_data ) Event Scheduled  ####
 
17:40:18.854 INFO  Listening on PORT: 5000 
17:40:18.855 INFO  ####  SERVER INITIALIZED   #### 
20:04:06.056 INFO  ####  SERVER INITIALIZING  #### 
20:04:06.057 INFO  ####  LOADING MODULES  ####
 
20:04:06.057 INFO  ####  LOADING ENVIRONMENT VARIABLES  #### 
20:04:06.062 INFO  ####  ENVIRONMENT VARIABLES LOADED  #### 
20:04:06.062 INFO  ####  LOADING  EXPRESS #### 
20:04:06.064 INFO  #### ( log_rotate ) LOG ROTATE Scheduled  ####
 
20:04:06.064 INFO  #### EXPRESS LOADED #### 
20:04:06.064 INFO  ####  LOADING  MONGOOSE #### 
20:04:06.118 INFO  #### MONGOOSE LOADED #### 
20:04:06.142 INFO  #### ( get_data ) Event Scheduled  ####
 
20:04:06.142 INFO  Listening on PORT: 5000 
20:04:06.142 INFO  ####  SERVER INITIALIZED   #### 
20:06:08.178 INFO  ####  SERVER INITIALIZING  #### 
20:06:08.178 INFO  ####  LOADING MODULES  ####
 
20:06:08.178 INFO  ####  LOADING ENVIRONMENT VARIABLES  #### 
20:06:08.185 INFO  ####  ENVIRONMENT VARIABLES LOADED  #### 
20:06:08.185 INFO  ####  LOADING  EXPRESS #### 
20:06:08.186 INFO  #### ( log_rotate ) LOG ROTATE Scheduled  ####
 
20:06:08.186 INFO  #### EXPRESS LOADED #### 
20:06:08.186 INFO  ####  LOADING  MONGOOSE #### 
20:06:08.231 INFO  #### MONGOOSE LOADED #### 
20:06:08.244 INFO  #### ( get_data ) Event Scheduled  ####
 
20:06:08.244 INFO  Listening on PORT: 5000 
20:06:08.244 INFO  ####  SERVER INITIALIZED   #### 
20:06:52.703 INFO  ####  SERVER INITIALIZING  #### 
20:06:52.703 INFO  ####  LOADING MODULES  ####
 
20:06:52.703 INFO  ####  LOADING ENVIRONMENT VARIABLES  #### 
20:06:52.711 INFO  ####  ENVIRONMENT VARIABLES LOADED  #### 
20:06:52.711 INFO  ####  LOADING  EXPRESS #### 
20:06:52.712 INFO  #### ( log_rotate ) LOG ROTATE Scheduled  ####
 
20:06:52.712 INFO  #### EXPRESS LOADED #### 
20:06:52.712 INFO  ####  LOADING  MONGOOSE #### 
20:06:52.780 INFO  #### MONGOOSE LOADED #### 
20:06:52.799 INFO  #### ( get_data ) Event Scheduled  ####
 
20:06:52.799 INFO  Listening on PORT: 5000 
20:06:52.799 INFO  ####  SERVER INITIALIZED   #### 
20:07:05.969 INFO  ####  SERVER INITIALIZING  #### 
20:07:05.969 INFO  ####  LOADING MODULES  ####
 
20:07:05.969 INFO  ####  LOADING ENVIRONMENT VARIABLES  #### 
20:07:05.986 INFO  ####  ENVIRONMENT VARIABLES LOADED  #### 
20:07:05.986 INFO  ####  LOADING  EXPRESS #### 
20:07:05.989 INFO  #### ( log_rotate ) LOG ROTATE Scheduled  ####
 
20:07:05.989 INFO  #### EXPRESS LOADED #### 
20:07:05.989 INFO  ####  LOADING  MONGOOSE #### 
20:07:06.067 INFO  #### MONGOOSE LOADED #### 
20:07:06.082 INFO  #### ( get_data ) Event Scheduled  ####
 
20:07:06.083 INFO  Listening on PORT: 5000 
20:07:06.084 INFO  ####  SERVER INITIALIZED   #### 
20:08:05.447 INFO  ####  SERVER INITIALIZING  #### 
20:08:05.447 INFO  ####  LOADING MODULES  ####
 
20:08:05.447 INFO  ####  LOADING ENVIRONMENT VARIABLES  #### 
20:08:05.456 INFO  ####  ENVIRONMENT VARIABLES LOADED  #### 
20:08:05.456 INFO  ####  LOADING  EXPRESS #### 
20:08:05.458 INFO  #### ( log_rotate ) LOG ROTATE Scheduled  ####
 
20:08:05.458 INFO  #### EXPRESS LOADED #### 
20:08:05.458 INFO  ####  LOADING  MONGOOSE #### 
20:08:05.527 INFO  #### MONGOOSE LOADED #### 
20:08:05.551 INFO  #### ( get_data ) Event Scheduled  ####
 
20:08:05.552 INFO  Listening on PORT: 5000 
20:08:05.555 INFO  ####  SERVER INITIALIZED   #### 
20:08:26.758 INFO  ####  SERVER INITIALIZING  #### 
20:08:26.758 INFO  ####  LOADING MODULES  ####
 
20:08:26.758 INFO  ####  LOADING ENVIRONMENT VARIABLES  #### 
20:08:26.764 INFO  ####  ENVIRONMENT VARIABLES LOADED  #### 
20:08:26.764 INFO  ####  LOADING  EXPRESS #### 
20:08:26.765 INFO  #### ( log_rotate ) LOG ROTATE Scheduled  ####
 
20:08:26.765 INFO  #### EXPRESS LOADED #### 
20:08:26.765 INFO  ####  LOADING  MONGOOSE #### 
20:08:26.821 INFO  #### MONGOOSE LOADED #### 
20:08:26.836 INFO  #### ( get_data ) Event Scheduled  ####
 
20:08:26.837 INFO  Listening on PORT: 5000 
20:08:26.837 INFO  ####  SERVER INITIALIZED   #### 
20:12:36.237 INFO  ####  SERVER INITIALIZING  #### 
20:12:36.237 INFO  ####  LOADING MODULES  ####
 
20:12:36.237 INFO  ####  LOADING ENVIRONMENT VARIABLES  #### 
20:12:36.244 INFO  ####  ENVIRONMENT VARIABLES LOADED  #### 
20:12:36.244 INFO  ####  LOADING  EXPRESS #### 
20:12:36.250 INFO  #### ( log_rotate ) LOG ROTATE Scheduled  ####
 
20:12:36.250 INFO  #### EXPRESS LOADED #### 
20:12:36.250 INFO  ####  LOADING  MONGOOSE #### 
20:12:36.325 INFO  #### MONGOOSE LOADED #### 
20:12:36.344 INFO  #### ( get_data ) Event Scheduled  ####
 
20:12:36.345 INFO  Listening on PORT: 5000 
20:12:36.346 INFO  ####  SERVER INITIALIZED   #### 
20:41:46.282 INFO  ####  SERVER INITIALIZING  #### 
20:41:46.282 INFO  ####  LOADING MODULES  ####
 
20:41:46.282 INFO  ####  LOADING ENVIRONMENT VARIABLES  #### 
20:41:46.288 INFO  ####  ENVIRONMENT VARIABLES LOADED  #### 
20:41:46.288 INFO  ####  LOADING  EXPRESS #### 
20:41:46.289 INFO  #### ( log_rotate ) LOG ROTATE Scheduled  ####
 
20:41:46.289 INFO  #### EXPRESS LOADED #### 
20:41:46.289 INFO  ####  LOADING  MONGOOSE #### 
20:41:46.340 INFO  #### MONGOOSE LOADED #### 
20:41:46.352 INFO  #### ( get_data ) Event Scheduled  ####
 
20:41:46.352 INFO  Listening on PORT: 5000 
20:41:46.352 INFO  ####  SERVER INITIALIZED   #### 
20:45:54.437 INFO  ####  SERVER INITIALIZING  #### 
20:45:54.437 INFO  ####  LOADING MODULES  ####
 
20:45:54.437 INFO  ####  LOADING ENVIRONMENT VARIABLES  #### 
20:45:54.442 INFO  ####  ENVIRONMENT VARIABLES LOADED  #### 
20:45:54.442 INFO  ####  LOADING  EXPRESS #### 
20:45:54.444 INFO  #### ( log_rotate ) LOG ROTATE Scheduled  ####
 
20:45:54.444 INFO  #### EXPRESS LOADED #### 
20:45:54.444 INFO  ####  LOADING  MONGOOSE #### 
20:45:54.505 INFO  #### MONGOOSE LOADED #### 
20:45:54.523 INFO  #### ( get_data ) Event Scheduled  ####
 
20:45:54.523 INFO  Listening on PORT: 5000 
20:45:54.523 INFO  ####  SERVER INITIALIZED   #### 
20:46:14.604 INFO  ####  SERVER INITIALIZING  #### 
20:46:14.604 INFO  ####  LOADING MODULES  ####
 
20:46:14.604 INFO  ####  LOADING ENVIRONMENT VARIABLES  #### 
20:46:14.610 INFO  ####  ENVIRONMENT VARIABLES LOADED  #### 
20:46:14.610 INFO  ####  LOADING  EXPRESS #### 
20:46:14.611 INFO  #### ( log_rotate ) LOG ROTATE Scheduled  ####
 
20:46:14.611 INFO  #### EXPRESS LOADED #### 
20:46:14.611 INFO  ####  LOADING  MONGOOSE #### 
20:46:14.666 INFO  #### MONGOOSE LOADED #### 
20:46:14.679 INFO  #### ( get_data ) Event Scheduled  ####
 
20:46:14.679 INFO  Listening on PORT: 5000 
20:46:14.680 INFO  ####  SERVER INITIALIZED   #### 
20:59:23.681 INFO  ####  SERVER INITIALIZING  #### 
20:59:23.681 INFO  ####  LOADING MODULES  ####
 
20:59:23.681 INFO  ####  LOADING ENVIRONMENT VARIABLES  #### 
20:59:23.688 INFO  ####  ENVIRONMENT VARIABLES LOADED  #### 
20:59:23.688 INFO  ####  LOADING  EXPRESS #### 
20:59:23.689 INFO  #### ( log_rotate ) LOG ROTATE Scheduled  ####
 
20:59:23.689 INFO  #### EXPRESS LOADED #### 
20:59:23.689 INFO  ####  LOADING  MONGOOSE #### 
20:59:23.751 INFO  #### MONGOOSE LOADED #### 
20:59:23.770 INFO  #### ( get_data ) Event Scheduled  ####
 
20:59:23.770 INFO  Listening on PORT: 5000 
20:59:23.770 INFO  ####  SERVER INITIALIZED   #### 
21:00:57.904 INFO  ####  SERVER INITIALIZING  #### 
21:00:57.904 INFO  ####  LOADING MODULES  ####
 
21:00:57.904 INFO  ####  LOADING ENVIRONMENT VARIABLES  #### 
21:00:57.910 INFO  ####  ENVIRONMENT VARIABLES LOADED  #### 
21:00:57.910 INFO  ####  LOADING  EXPRESS #### 
21:00:57.912 INFO  #### ( log_rotate ) LOG ROTATE Scheduled  ####
 
21:00:57.912 INFO  #### EXPRESS LOADED #### 
21:00:57.912 INFO  ####  LOADING  MONGOOSE #### 
21:00:57.964 INFO  #### MONGOOSE LOADED #### 
21:00:57.977 INFO  #### ( get_data ) Event Scheduled  ####
 
21:00:57.978 INFO  Listening on PORT: 5000 
21:00:57.978 INFO  ####  SERVER INITIALIZED   #### 
21:01:59.542 INFO  ####  SERVER INITIALIZING  #### 
21:01:59.542 INFO  ####  LOADING MODULES  ####
 
21:01:59.542 INFO  ####  LOADING ENVIRONMENT VARIABLES  #### 
21:01:59.548 INFO  ####  ENVIRONMENT VARIABLES LOADED  #### 
21:01:59.548 INFO  ####  LOADING  EXPRESS #### 
21:01:59.549 INFO  #### ( log_rotate ) LOG ROTATE Scheduled  ####
 
21:01:59.549 INFO  #### EXPRESS LOADED #### 
21:01:59.549 INFO  ####  LOADING  MONGOOSE #### 
21:01:59.609 INFO  #### MONGOOSE LOADED #### 
21:01:59.616 INFO  #### ( get_data ) Event Scheduled  ####
 
21:01:59.616 INFO  Listening on PORT: 5000 
21:01:59.616 INFO  ####  SERVER INITIALIZED   #### 
21:02:19.070 INFO  ####  SERVER INITIALIZING  #### 
21:02:19.071 INFO  ####  LOADING MODULES  ####
 
21:02:19.071 INFO  ####  LOADING ENVIRONMENT VARIABLES  #### 
21:02:19.076 INFO  ####  ENVIRONMENT VARIABLES LOADED  #### 
21:02:19.076 INFO  ####  LOADING  EXPRESS #### 
21:02:19.078 INFO  #### ( log_rotate ) LOG ROTATE Scheduled  ####
 
21:02:19.078 INFO  #### EXPRESS LOADED #### 
21:02:19.078 INFO  ####  LOADING  MONGOOSE #### 
21:02:19.131 INFO  #### MONGOOSE LOADED #### 
21:02:19.137 INFO  #### ( get_data ) Event Scheduled  ####
 
21:02:19.137 INFO  Listening on PORT: 5000 
21:02:19.138 INFO  ####  SERVER INITIALIZED   #### 
21:03:22.911 INFO  ####  SERVER INITIALIZING  #### 
21:03:22.911 INFO  ####  LOADING MODULES  ####
 
21:03:22.911 INFO  ####  LOADING ENVIRONMENT VARIABLES  #### 
21:03:22.917 INFO  ####  ENVIRONMENT VARIABLES LOADED  #### 
21:03:22.917 INFO  ####  LOADING  EXPRESS #### 
21:03:22.919 INFO  #### ( log_rotate ) LOG ROTATE Scheduled  ####
 
21:03:22.919 INFO  #### EXPRESS LOADED #### 
21:03:22.919 INFO  ####  LOADING  MONGOOSE #### 
21:03:22.975 INFO  #### MONGOOSE LOADED #### 
21:03:22.988 INFO  #### ( get_data ) Event Scheduled  ####
 
21:03:22.988 INFO  Listening on PORT: 5000 
21:03:22.988 INFO  ####  SERVER INITIALIZED   #### 
21:04:42.822 INFO  ####  SERVER INITIALIZING  #### 
21:04:42.822 INFO  ####  LOADING MODULES  ####
 
21:04:42.822 INFO  ####  LOADING ENVIRONMENT VARIABLES  #### 
21:04:42.828 INFO  ####  ENVIRONMENT VARIABLES LOADED  #### 
21:04:42.828 INFO  ####  LOADING  EXPRESS #### 
21:04:42.829 INFO  #### ( log_rotate ) LOG ROTATE Scheduled  ####
 
21:04:42.829 INFO  #### EXPRESS LOADED #### 
21:04:42.829 INFO  ####  LOADING  MONGOOSE #### 
21:04:42.919 INFO  #### MONGOOSE LOADED #### 
21:04:42.926 INFO  #### ( get_data ) Event Scheduled  ####
 
21:04:42.926 INFO  Listening on PORT: 5000 
21:04:42.927 INFO  ####  SERVER INITIALIZED   #### 
21:05:03.175 INFO  ####  SERVER INITIALIZING  #### 
21:05:03.175 INFO  ####  LOADING MODULES  ####
 
21:05:03.175 INFO  ####  LOADING ENVIRONMENT VARIABLES  #### 
21:05:03.182 INFO  ####  ENVIRONMENT VARIABLES LOADED  #### 
21:05:03.182 INFO  ####  LOADING  EXPRESS #### 
21:05:03.183 INFO  #### ( log_rotate ) LOG ROTATE Scheduled  ####
 
21:05:03.184 INFO  #### EXPRESS LOADED #### 
21:05:03.184 INFO  ####  LOADING  MONGOOSE #### 
21:05:03.229 INFO  #### MONGOOSE LOADED #### 
21:05:03.253 INFO  #### ( get_data ) Event Scheduled  ####
 
21:05:03.254 INFO  Listening on PORT: 5000 
21:05:03.255 INFO  ####  SERVER INITIALIZED   #### 
21:05:18.670 INFO  ####  SERVER INITIALIZING  #### 
21:05:18.670 INFO  ####  LOADING MODULES  ####
 
21:05:18.670 INFO  ####  LOADING ENVIRONMENT VARIABLES  #### 
21:05:18.679 INFO  ####  ENVIRONMENT VARIABLES LOADED  #### 
21:05:18.679 INFO  ####  LOADING  EXPRESS #### 
21:05:18.682 INFO  #### ( log_rotate ) LOG ROTATE Scheduled  ####
 
21:05:18.682 INFO  #### EXPRESS LOADED #### 
21:05:18.682 INFO  ####  LOADING  MONGOOSE #### 
21:05:18.757 INFO  #### MONGOOSE LOADED #### 
21:05:18.772 INFO  #### ( get_data ) Event Scheduled  ####
 
21:05:18.773 INFO  Listening on PORT: 5000 
21:05:18.773 INFO  ####  SERVER INITIALIZED   #### 
21:06:18.534 INFO  ####  SERVER INITIALIZING  #### 
21:06:18.534 INFO  ####  LOADING MODULES  ####
 
21:06:18.534 INFO  ####  LOADING ENVIRONMENT VARIABLES  #### 
21:06:18.542 INFO  ####  ENVIRONMENT VARIABLES LOADED  #### 
21:06:18.542 INFO  ####  LOADING  EXPRESS #### 
21:06:18.543 INFO  #### ( log_rotate ) LOG ROTATE Scheduled  ####
 
21:06:18.543 INFO  #### EXPRESS LOADED #### 
21:06:18.543 INFO  ####  LOADING  MONGOOSE #### 
21:06:18.607 INFO  #### MONGOOSE LOADED #### 
21:06:18.614 INFO  #### ( get_data ) Event Scheduled  ####
 
21:06:18.614 INFO  Listening on PORT: 5000 
21:06:18.615 INFO  ####  SERVER INITIALIZED   #### 
21:07:01.727 INFO  ####  SERVER INITIALIZING  #### 
21:07:01.727 INFO  ####  LOADING MODULES  ####
 
21:07:01.727 INFO  ####  LOADING ENVIRONMENT VARIABLES  #### 
21:07:01.733 INFO  ####  ENVIRONMENT VARIABLES LOADED  #### 
21:07:01.733 INFO  ####  LOADING  EXPRESS #### 
21:07:01.736 INFO  #### ( log_rotate ) LOG ROTATE Scheduled  ####
 
21:07:01.736 INFO  #### EXPRESS LOADED #### 
21:07:01.736 INFO  ####  LOADING  MONGOOSE #### 
21:07:01.799 INFO  #### MONGOOSE LOADED #### 
21:07:01.810 INFO  #### ( get_data ) Event Scheduled  ####
 
21:07:01.810 INFO  Listening on PORT: 5000 
21:07:01.810 INFO  ####  SERVER INITIALIZED   #### 
21:12:52.294 INFO  ####  SERVER INITIALIZING  #### 
21:12:52.294 INFO  ####  LOADING MODULES  ####
 
21:12:52.294 INFO  ####  LOADING ENVIRONMENT VARIABLES  #### 
21:12:52.300 INFO  ####  ENVIRONMENT VARIABLES LOADED  #### 
21:12:52.300 INFO  ####  LOADING  EXPRESS #### 
21:12:52.302 INFO  #### ( log_rotate ) LOG ROTATE Scheduled  ####
 
21:12:52.302 INFO  #### EXPRESS LOADED #### 
21:12:52.302 INFO  ####  LOADING  MONGOOSE #### 
21:12:52.355 INFO  #### MONGOOSE LOADED #### 
21:12:52.375 INFO  #### ( get_data ) Event Scheduled  ####
 
21:12:52.376 INFO  Listening on PORT: 5000 
21:12:52.378 INFO  ####  SERVER INITIALIZED   #### 
21:13:51.692 INFO  ####  SERVER INITIALIZING  #### 
21:13:51.692 INFO  ####  LOADING MODULES  ####
 
21:13:51.692 INFO  ####  LOADING ENVIRONMENT VARIABLES  #### 
21:13:51.698 INFO  ####  ENVIRONMENT VARIABLES LOADED  #### 
21:13:51.698 INFO  ####  LOADING  EXPRESS #### 
21:13:51.700 INFO  #### ( log_rotate ) LOG ROTATE Scheduled  ####
 
21:13:51.700 INFO  #### EXPRESS LOADED #### 
21:13:51.700 INFO  ####  LOADING  MONGOOSE #### 
21:13:51.755 INFO  #### MONGOOSE LOADED #### 
21:13:51.767 INFO  #### ( get_data ) Event Scheduled  ####
 
21:13:51.767 INFO  Listening on PORT: 5000 
21:13:51.767 INFO  ####  SERVER INITIALIZED   #### 
21:14:08.512 INFO  ####  SERVER INITIALIZING  #### 
21:14:08.512 INFO  ####  LOADING MODULES  ####
 
21:14:08.512 INFO  ####  LOADING ENVIRONMENT VARIABLES  #### 
21:14:08.517 INFO  ####  ENVIRONMENT VARIABLES LOADED  #### 
21:14:08.517 INFO  ####  LOADING  EXPRESS #### 
21:14:08.518 INFO  #### ( log_rotate ) LOG ROTATE Scheduled  ####
 
21:14:08.518 INFO  #### EXPRESS LOADED #### 
21:14:08.518 INFO  ####  LOADING  MONGOOSE #### 
21:14:08.576 INFO  #### MONGOOSE LOADED #### 
21:14:08.588 INFO  #### ( get_data ) Event Scheduled  ####
 
21:14:08.588 INFO  Listening on PORT: 5000 
21:14:08.588 INFO  ####  SERVER INITIALIZED   #### 
21:15:35.125 INFO  ####  SERVER INITIALIZING  #### 
21:15:35.125 INFO  ####  LOADING MODULES  ####
 
21:15:35.125 INFO  ####  LOADING ENVIRONMENT VARIABLES  #### 
21:15:35.132 INFO  ####  ENVIRONMENT VARIABLES LOADED  #### 
21:15:35.132 INFO  ####  LOADING  EXPRESS #### 
21:15:35.135 INFO  #### ( log_rotate ) LOG ROTATE Scheduled  ####
 
21:15:35.135 INFO  #### EXPRESS LOADED #### 
21:15:35.135 INFO  ####  LOADING  MONGOOSE #### 
21:15:35.197 INFO  #### MONGOOSE LOADED #### 
21:15:35.214 INFO  #### ( get_data ) Event Scheduled  ####
 
21:15:35.214 INFO  Listening on PORT: 5000 
21:15:35.214 INFO  ####  SERVER INITIALIZED   #### 
21:16:00.169 INFO  ####  SERVER INITIALIZING  #### 
21:16:00.169 INFO  ####  LOADING MODULES  ####
 
21:16:00.169 INFO  ####  LOADING ENVIRONMENT VARIABLES  #### 
21:16:00.178 INFO  ####  ENVIRONMENT VARIABLES LOADED  #### 
21:16:00.178 INFO  ####  LOADING  EXPRESS #### 
21:16:00.180 INFO  #### ( log_rotate ) LOG ROTATE Scheduled  ####
 
21:16:00.180 INFO  #### EXPRESS LOADED #### 
21:16:00.180 INFO  ####  LOADING  MONGOOSE #### 
21:16:00.248 INFO  #### MONGOOSE LOADED #### 
21:16:00.256 INFO  #### ( get_data ) Event Scheduled  ####
 
21:16:00.256 INFO  Listening on PORT: 5000 
21:16:00.258 INFO  ####  SERVER INITIALIZED   #### 
21:17:00.249 INFO  ####  SERVER INITIALIZING  #### 
21:17:00.249 INFO  ####  LOADING MODULES  ####
 
21:17:00.249 INFO  ####  LOADING ENVIRONMENT VARIABLES  #### 
21:17:00.255 INFO  ####  ENVIRONMENT VARIABLES LOADED  #### 
21:17:00.255 INFO  ####  LOADING  EXPRESS #### 
21:17:00.257 INFO  #### ( log_rotate ) LOG ROTATE Scheduled  ####
 
21:17:00.257 INFO  #### EXPRESS LOADED #### 
21:17:00.257 INFO  ####  LOADING  MONGOOSE #### 
21:17:00.338 INFO  #### MONGOOSE LOADED #### 
21:17:00.355 INFO  #### ( get_data ) Event Scheduled  ####
 
21:17:00.355 INFO  Listening on PORT: 5000 
21:17:00.356 INFO  ####  SERVER INITIALIZED   #### 
21:17:28.065 INFO  ####  SERVER INITIALIZING  #### 
21:17:28.065 INFO  ####  LOADING MODULES  ####
 
21:17:28.065 INFO  ####  LOADING ENVIRONMENT VARIABLES  #### 
21:17:28.071 INFO  ####  ENVIRONMENT VARIABLES LOADED  #### 
21:17:28.071 INFO  ####  LOADING  EXPRESS #### 
21:17:28.073 INFO  #### ( log_rotate ) LOG ROTATE Scheduled  ####
 
21:17:28.073 INFO  #### EXPRESS LOADED #### 
21:17:28.073 INFO  ####  LOADING  MONGOOSE #### 
21:17:28.144 INFO  #### MONGOOSE LOADED #### 
21:17:28.172 INFO  #### ( get_data ) Event Scheduled  ####
 
21:17:28.173 INFO  Listening on PORT: 5000 
21:17:28.173 INFO  ####  SERVER INITIALIZED   #### 
21:17:48.205 INFO  ####  SERVER INITIALIZING  #### 
21:17:48.205 INFO  ####  LOADING MODULES  ####
 
21:17:48.205 INFO  ####  LOADING ENVIRONMENT VARIABLES  #### 
21:17:48.211 INFO  ####  ENVIRONMENT VARIABLES LOADED  #### 
21:17:48.211 INFO  ####  LOADING  EXPRESS #### 
21:17:48.212 INFO  #### ( log_rotate ) LOG ROTATE Scheduled  ####
 
21:17:48.212 INFO  #### EXPRESS LOADED #### 
21:17:48.212 INFO  ####  LOADING  MONGOOSE #### 
21:17:48.267 INFO  #### MONGOOSE LOADED #### 
21:17:48.274 INFO  #### ( get_data ) Event Scheduled  ####
 
21:17:48.274 INFO  Listening on PORT: 5000 
21:17:48.275 INFO  ####  SERVER INITIALIZED   #### 
21:24:07.979 INFO  ####  SERVER INITIALIZING  #### 
21:24:07.979 INFO  ####  LOADING MODULES  ####
 
21:24:07.979 INFO  ####  LOADING ENVIRONMENT VARIABLES  #### 
21:24:07.988 INFO  ####  ENVIRONMENT VARIABLES LOADED  #### 
21:24:07.988 INFO  ####  LOADING  EXPRESS #### 
21:24:07.989 INFO  #### ( log_rotate ) LOG ROTATE Scheduled  ####
 
21:24:07.989 INFO  #### EXPRESS LOADED #### 
21:24:07.989 INFO  ####  LOADING  MONGOOSE #### 
21:24:08.078 INFO  #### MONGOOSE LOADED #### 
21:24:08.090 INFO  #### ( get_data ) Event Scheduled  ####
 
21:24:08.090 INFO  Listening on PORT: 5000 
21:24:08.091 INFO  ####  SERVER INITIALIZED   #### 
21:24:38.956 INFO  ####  SERVER INITIALIZING  #### 
21:24:38.956 INFO  ####  LOADING MODULES  ####
 
21:24:38.956 INFO  ####  LOADING ENVIRONMENT VARIABLES  #### 
21:24:38.961 INFO  ####  ENVIRONMENT VARIABLES LOADED  #### 
21:24:38.961 INFO  ####  LOADING  EXPRESS #### 
21:24:38.963 INFO  #### ( log_rotate ) LOG ROTATE Scheduled  ####
 
21:24:38.963 INFO  #### EXPRESS LOADED #### 
21:24:38.963 INFO  ####  LOADING  MONGOOSE #### 
21:24:39.022 INFO  #### MONGOOSE LOADED #### 
21:24:39.033 INFO  #### ( get_data ) Event Scheduled  ####
 
21:24:39.033 INFO  Listening on PORT: 5000 
21:24:39.035 INFO  ####  SERVER INITIALIZED   #### 
21:25:15.374 INFO  ####  SERVER INITIALIZING  #### 
21:25:15.374 INFO  ####  LOADING MODULES  ####
 
21:25:15.374 INFO  ####  LOADING ENVIRONMENT VARIABLES  #### 
21:25:15.380 INFO  ####  ENVIRONMENT VARIABLES LOADED  #### 
21:25:15.380 INFO  ####  LOADING  EXPRESS #### 
21:25:15.381 INFO  #### ( log_rotate ) LOG ROTATE Scheduled  ####
 
21:25:15.381 INFO  #### EXPRESS LOADED #### 
21:25:15.381 INFO  ####  LOADING  MONGOOSE #### 
21:25:15.442 INFO  #### MONGOOSE LOADED #### 
21:25:15.461 INFO  #### ( get_data ) Event Scheduled  ####
 
21:25:15.461 INFO  Listening on PORT: 5000 
21:25:15.472 INFO  ####  SERVER INITIALIZED   #### 
21:25:32.759 INFO  ####  SERVER INITIALIZING  #### 
21:25:32.759 INFO  ####  LOADING MODULES  ####
 
21:25:32.759 INFO  ####  LOADING ENVIRONMENT VARIABLES  #### 
21:25:32.768 INFO  ####  ENVIRONMENT VARIABLES LOADED  #### 
21:25:32.768 INFO  ####  LOADING  EXPRESS #### 
21:25:32.769 INFO  #### ( log_rotate ) LOG ROTATE Scheduled  ####
 
21:25:32.770 INFO  #### EXPRESS LOADED #### 
21:25:32.770 INFO  ####  LOADING  MONGOOSE #### 
21:25:32.824 INFO  #### MONGOOSE LOADED #### 
21:25:32.844 INFO  #### ( get_data ) Event Scheduled  ####
 
21:25:32.846 INFO  Listening on PORT: 5000 
21:25:32.847 INFO  ####  SERVER INITIALIZED   #### 
21:26:11.860 INFO  ####  SERVER INITIALIZING  #### 
21:26:11.860 INFO  ####  LOADING MODULES  ####
 
21:26:11.860 INFO  ####  LOADING ENVIRONMENT VARIABLES  #### 
21:26:11.867 INFO  ####  ENVIRONMENT VARIABLES LOADED  #### 
21:26:11.867 INFO  ####  LOADING  EXPRESS #### 
21:26:11.868 INFO  #### ( log_rotate ) LOG ROTATE Scheduled  ####
 
21:26:11.868 INFO  #### EXPRESS LOADED #### 
21:26:11.868 INFO  ####  LOADING  MONGOOSE #### 
21:26:11.923 INFO  #### MONGOOSE LOADED #### 
21:26:11.935 INFO  #### ( get_data ) Event Scheduled  ####
 
21:26:11.935 INFO  Listening on PORT: 5000 
21:26:11.936 INFO  ####  SERVER INITIALIZED   #### 
21:26:47.095 INFO  ####  SERVER INITIALIZING  #### 
21:26:47.095 INFO  ####  LOADING MODULES  ####
 
21:26:47.095 INFO  ####  LOADING ENVIRONMENT VARIABLES  #### 
21:26:47.101 INFO  ####  ENVIRONMENT VARIABLES LOADED  #### 
21:26:47.101 INFO  ####  LOADING  EXPRESS #### 
21:26:47.102 INFO  #### ( log_rotate ) LOG ROTATE Scheduled  ####
 
21:26:47.102 INFO  #### EXPRESS LOADED #### 
21:26:47.102 INFO  ####  LOADING  MONGOOSE #### 
21:26:47.152 INFO  #### MONGOOSE LOADED #### 
21:26:47.160 INFO  #### ( get_data ) Event Scheduled  ####
 
21:26:47.160 INFO  Listening on PORT: 5000 
21:26:47.161 INFO  ####  SERVER INITIALIZED   #### 
21:27:45.067 INFO  ####  SERVER INITIALIZING  #### 
21:27:45.067 INFO  ####  LOADING MODULES  ####
 
21:27:45.067 INFO  ####  LOADING ENVIRONMENT VARIABLES  #### 
21:27:45.073 INFO  ####  ENVIRONMENT VARIABLES LOADED  #### 
21:27:45.073 INFO  ####  LOADING  EXPRESS #### 
21:27:45.074 INFO  #### ( log_rotate ) LOG ROTATE Scheduled  ####
 
21:27:45.074 INFO  #### EXPRESS LOADED #### 
21:27:45.074 INFO  ####  LOADING  MONGOOSE #### 
21:27:45.131 INFO  #### MONGOOSE LOADED #### 
21:27:45.138 INFO  #### ( get_data ) Event Scheduled  ####
 
21:27:45.138 INFO  Listening on PORT: 5000 
21:27:45.138 INFO  ####  SERVER INITIALIZED   #### 
21:31:23.406 INFO  ####  SERVER INITIALIZING  #### 
21:31:23.406 INFO  ####  LOADING MODULES  ####
 
21:31:23.406 INFO  ####  LOADING ENVIRONMENT VARIABLES  #### 
21:31:23.412 INFO  ####  ENVIRONMENT VARIABLES LOADED  #### 
21:31:23.412 INFO  ####  LOADING  EXPRESS #### 
21:31:23.413 INFO  #### ( log_rotate ) LOG ROTATE Scheduled  ####
 
21:31:23.413 INFO  #### EXPRESS LOADED #### 
21:31:23.413 INFO  ####  LOADING  MONGOOSE #### 
21:31:23.469 INFO  #### MONGOOSE LOADED #### 
21:31:23.477 INFO  #### ( get_data ) Event Scheduled  ####
 
21:31:23.477 INFO  Listening on PORT: 5000 
21:31:23.478 INFO  ####  SERVER INITIALIZED   #### 
21:32:40.061 INFO  ####  SERVER INITIALIZING  #### 
21:32:40.061 INFO  ####  LOADING MODULES  ####
 
21:32:40.061 INFO  ####  LOADING ENVIRONMENT VARIABLES  #### 
21:32:40.074 INFO  ####  ENVIRONMENT VARIABLES LOADED  #### 
21:32:40.074 INFO  ####  LOADING  EXPRESS #### 
21:32:40.075 INFO  #### ( log_rotate ) LOG ROTATE Scheduled  ####
 
21:32:40.075 INFO  #### EXPRESS LOADED #### 
21:32:40.075 INFO  ####  LOADING  MONGOOSE #### 
21:32:40.141 INFO  #### MONGOOSE LOADED #### 
21:32:40.153 INFO  #### ( get_data ) Event Scheduled  ####
 
21:32:40.153 INFO  Listening on PORT: 5000 
21:32:40.156 INFO  ####  SERVER INITIALIZED   #### 
21:33:11.513 INFO  ####  SERVER INITIALIZING  #### 
21:33:11.513 INFO  ####  LOADING MODULES  ####
 
21:33:11.513 INFO  ####  LOADING ENVIRONMENT VARIABLES  #### 
21:33:11.525 INFO  ####  ENVIRONMENT VARIABLES LOADED  #### 
21:33:11.525 INFO  ####  LOADING  EXPRESS #### 
21:33:11.527 INFO  #### ( log_rotate ) LOG ROTATE Scheduled  ####
 
21:33:11.527 INFO  #### EXPRESS LOADED #### 
21:33:11.527 INFO  ####  LOADING  MONGOOSE #### 
21:33:11.596 INFO  #### MONGOOSE LOADED #### 
21:33:11.617 INFO  #### ( get_data ) Event Scheduled  ####
 
21:33:11.618 INFO  Listening on PORT: 5000 
21:33:11.619 INFO  ####  SERVER INITIALIZED   #### 
21:46:36.618 INFO  ####  SERVER INITIALIZING  #### 
21:46:36.618 INFO  ####  LOADING MODULES  ####
 
21:46:36.618 INFO  ####  LOADING ENVIRONMENT VARIABLES  #### 
21:46:36.625 INFO  ####  ENVIRONMENT VARIABLES LOADED  #### 
21:46:36.625 INFO  ####  LOADING  EXPRESS #### 
21:46:36.626 INFO  #### ( log_rotate ) LOG ROTATE Scheduled  ####
 
21:46:36.626 INFO  #### EXPRESS LOADED #### 
21:46:36.626 INFO  ####  LOADING  MONGOOSE #### 
21:46:36.691 INFO  #### MONGOOSE LOADED #### 
21:46:36.700 INFO  #### ( get_data ) Event Scheduled  ####
 
21:46:36.702 INFO  Listening on PORT: 5000 
21:46:36.704 INFO  ####  SERVER INITIALIZED   #### 
21:47:06.863 INFO  ####  SERVER INITIALIZING  #### 
21:47:06.863 INFO  ####  LOADING MODULES  ####
 
21:47:06.863 INFO  ####  LOADING ENVIRONMENT VARIABLES  #### 
21:47:06.869 INFO  ####  ENVIRONMENT VARIABLES LOADED  #### 
21:47:06.869 INFO  ####  LOADING  EXPRESS #### 
21:47:06.870 INFO  #### ( log_rotate ) LOG ROTATE Scheduled  ####
 
21:47:06.870 INFO  #### EXPRESS LOADED #### 
21:47:06.870 INFO  ####  LOADING  MONGOOSE #### 
21:47:06.925 INFO  #### MONGOOSE LOADED #### 
21:47:06.937 INFO  #### ( get_data ) Event Scheduled  ####
 
21:47:06.937 INFO  Listening on PORT: 5000 
21:47:06.938 INFO  ####  SERVER INITIALIZED   #### 
21:49:04.846 INFO  ####  SERVER INITIALIZING  #### 
21:49:04.846 INFO  ####  LOADING MODULES  ####
 
21:49:04.846 INFO  ####  LOADING ENVIRONMENT VARIABLES  #### 
21:49:04.852 INFO  ####  ENVIRONMENT VARIABLES LOADED  #### 
21:49:04.852 INFO  ####  LOADING  EXPRESS #### 
21:49:04.853 INFO  #### ( log_rotate ) LOG ROTATE Scheduled  ####
 
21:49:04.853 INFO  #### EXPRESS LOADED #### 
21:49:04.853 INFO  ####  LOADING  MONGOOSE #### 
21:49:04.909 INFO  #### MONGOOSE LOADED #### 
21:49:04.924 INFO  #### ( get_data ) Event Scheduled  ####
 
21:49:04.925 INFO  Listening on PORT: 5000 
21:49:04.925 INFO  ####  SERVER INITIALIZED   #### 
21:50:03.074 INFO  ####  SERVER INITIALIZING  #### 
21:50:03.074 INFO  ####  LOADING MODULES  ####
 
21:50:03.074 INFO  ####  LOADING ENVIRONMENT VARIABLES  #### 
21:50:03.080 INFO  ####  ENVIRONMENT VARIABLES LOADED  #### 
21:50:03.080 INFO  ####  LOADING  EXPRESS #### 
21:50:03.081 INFO  #### ( log_rotate ) LOG ROTATE Scheduled  ####
 
21:50:03.081 INFO  #### EXPRESS LOADED #### 
21:50:03.081 INFO  ####  LOADING  MONGOOSE #### 
21:50:03.132 INFO  #### MONGOOSE LOADED #### 
21:50:03.147 INFO  #### ( get_data ) Event Scheduled  ####
 
21:50:03.147 INFO  Listening on PORT: 5000 
21:50:03.148 INFO  ####  SERVER INITIALIZED   #### 
21:50:40.459 INFO  ####  SERVER INITIALIZING  #### 
21:50:40.459 INFO  ####  LOADING MODULES  ####
 
21:50:40.459 INFO  ####  LOADING ENVIRONMENT VARIABLES  #### 
21:50:40.470 INFO  ####  ENVIRONMENT VARIABLES LOADED  #### 
21:50:40.470 INFO  ####  LOADING  EXPRESS #### 
21:50:40.472 INFO  #### ( log_rotate ) LOG ROTATE Scheduled  ####
 
21:50:40.472 INFO  #### EXPRESS LOADED #### 
21:50:40.472 INFO  ####  LOADING  MONGOOSE #### 
21:50:40.551 INFO  #### MONGOOSE LOADED #### 
21:50:40.575 INFO  #### ( get_data ) Event Scheduled  ####
 
21:50:40.576 INFO  Listening on PORT: 5000 
21:50:40.578 INFO  ####  SERVER INITIALIZED   #### 
21:50:59.875 INFO  ####  SERVER INITIALIZING  #### 
21:50:59.875 INFO  ####  LOADING MODULES  ####
 
21:50:59.875 INFO  ####  LOADING ENVIRONMENT VARIABLES  #### 
21:50:59.884 INFO  ####  ENVIRONMENT VARIABLES LOADED  #### 
21:50:59.884 INFO  ####  LOADING  EXPRESS #### 
21:50:59.885 INFO  #### ( log_rotate ) LOG ROTATE Scheduled  ####
 
21:50:59.885 INFO  #### EXPRESS LOADED #### 
21:50:59.885 INFO  ####  LOADING  MONGOOSE #### 
21:50:59.941 INFO  #### MONGOOSE LOADED #### 
21:50:59.954 INFO  #### ( get_data ) Event Scheduled  ####
 
21:50:59.954 INFO  Listening on PORT: 5000 
21:50:59.955 INFO  ####  SERVER INITIALIZED   #### 
21:51:44.395 INFO  ####  SERVER INITIALIZING  #### 
21:51:44.395 INFO  ####  LOADING MODULES  ####
 
21:51:44.395 INFO  ####  LOADING ENVIRONMENT VARIABLES  #### 
21:51:44.401 INFO  ####  ENVIRONMENT VARIABLES LOADED  #### 
21:51:44.401 INFO  ####  LOADING  EXPRESS #### 
21:51:44.402 INFO  #### ( log_rotate ) LOG ROTATE Scheduled  ####
 
21:51:44.402 INFO  #### EXPRESS LOADED #### 
21:51:44.402 INFO  ####  LOADING  MONGOOSE #### 
21:51:44.458 INFO  #### MONGOOSE LOADED #### 
21:51:44.464 INFO  #### ( get_data ) Event Scheduled  ####
 
21:51:44.464 INFO  Listening on PORT: 5000 
21:51:44.465 INFO  ####  SERVER INITIALIZED   #### 
21:57:16.856 INFO  ####  SERVER INITIALIZING  #### 
21:57:16.856 INFO  ####  LOADING MODULES  ####
 
21:57:16.856 INFO  ####  LOADING ENVIRONMENT VARIABLES  #### 
21:57:16.862 INFO  ####  ENVIRONMENT VARIABLES LOADED  #### 
21:57:16.862 INFO  ####  LOADING  EXPRESS #### 
21:57:16.863 INFO  #### ( log_rotate ) LOG ROTATE Scheduled  ####
 
21:57:16.863 INFO  #### EXPRESS LOADED #### 
21:57:16.863 INFO  ####  LOADING  MONGOOSE #### 
21:57:16.921 INFO  #### MONGOOSE LOADED #### 
21:57:16.926 INFO  #### ( get_data ) Event Scheduled  ####
 
21:57:16.927 INFO  Listening on PORT: 5000 
21:57:16.927 INFO  ####  SERVER INITIALIZED   #### 
21:57:32.476 INFO  ####  SERVER INITIALIZING  #### 
21:57:32.476 INFO  ####  LOADING MODULES  ####
 
21:57:32.476 INFO  ####  LOADING ENVIRONMENT VARIABLES  #### 
21:57:32.487 INFO  ####  ENVIRONMENT VARIABLES LOADED  #### 
21:57:32.487 INFO  ####  LOADING  EXPRESS #### 
21:57:32.489 INFO  #### ( log_rotate ) LOG ROTATE Scheduled  ####
 
21:57:32.489 INFO  #### EXPRESS LOADED #### 
21:57:32.489 INFO  ####  LOADING  MONGOOSE #### 
21:57:32.553 INFO  #### MONGOOSE LOADED #### 
21:57:32.560 INFO  #### ( get_data ) Event Scheduled  ####
 
21:57:32.560 INFO  Listening on PORT: 5000 
21:57:32.561 INFO  ####  SERVER INITIALIZED   #### 
22:00:06.142 INFO  ####  SERVER INITIALIZING  #### 
22:00:06.142 INFO  ####  LOADING MODULES  ####
 
22:00:06.142 INFO  ####  LOADING ENVIRONMENT VARIABLES  #### 
22:00:06.149 INFO  ####  ENVIRONMENT VARIABLES LOADED  #### 
22:00:06.149 INFO  ####  LOADING  EXPRESS #### 
22:00:06.150 INFO  #### ( log_rotate ) LOG ROTATE Scheduled  ####
 
22:00:06.150 INFO  #### EXPRESS LOADED #### 
22:00:06.150 INFO  ####  LOADING  MONGOOSE #### 
22:00:06.207 INFO  #### MONGOOSE LOADED #### 
22:00:06.219 INFO  #### ( get_data ) Event Scheduled  ####
 
22:00:06.220 INFO  Listening on PORT: 5000 
22:00:06.220 INFO  ####  SERVER INITIALIZED   #### 
21:00:16.570 INFO  #### ( log_rotate ) LOG ROTATE Scheduled  ####
 
22:03:17.992 INFO  ####  SERVER INITIALIZING  #### 
22:03:17.992 INFO  ####  LOADING MODULES  ####
 
22:03:17.992 INFO  ####  LOADING ENVIRONMENT VARIABLES  #### 
22:03:17.998 INFO  ####  ENVIRONMENT VARIABLES LOADED  #### 
22:03:17.998 INFO  ####  LOADING  EXPRESS #### 
22:03:17.999 INFO  #### ( log_rotate ) LOG ROTATE Scheduled  ####
 
22:03:17.999 INFO  #### EXPRESS LOADED #### 
22:03:17.999 INFO  ####  LOADING  MONGOOSE #### 
22:03:18.057 INFO  #### MONGOOSE LOADED #### 
22:03:18.063 INFO  #### ( get_data ) Event Scheduled  ####
 
22:03:18.063 INFO  Listening on PORT: 5000 
22:03:18.064 INFO  ####  SERVER INITIALIZED   #### 
21:03:26.278 INFO  #### ( log_rotate ) LOG ROTATE Scheduled  ####
 
22:04:48.798 INFO  ####  SERVER INITIALIZING  #### 
22:04:48.798 INFO  ####  LOADING MODULES  ####
 
22:04:48.798 INFO  ####  LOADING ENVIRONMENT VARIABLES  #### 
22:04:48.804 INFO  ####  ENVIRONMENT VARIABLES LOADED  #### 
22:04:48.804 INFO  ####  LOADING  EXPRESS #### 
22:04:48.805 INFO  #### ( log_rotate ) LOG ROTATE Scheduled  ####
 
22:04:48.805 INFO  #### EXPRESS LOADED #### 
22:04:48.805 INFO  ####  LOADING  MONGOOSE #### 
22:04:48.860 INFO  #### MONGOOSE LOADED #### 
22:04:48.870 INFO  #### ( get_data ) Event Scheduled  ####
 
22:04:48.871 INFO  Listening on PORT: 5000 
22:04:48.871 INFO  ####  SERVER INITIALIZED   #### 
21:04:55.972 INFO  #### ( log_rotate ) LOG ROTATE Scheduled  ####
 
22:07:08.585 INFO  ####  SERVER INITIALIZING  #### 
22:07:08.585 INFO  ####  LOADING MODULES  ####
 
22:07:08.585 INFO  ####  LOADING ENVIRONMENT VARIABLES  #### 
22:07:08.592 INFO  ####  ENVIRONMENT VARIABLES LOADED  #### 
22:07:08.592 INFO  ####  LOADING  EXPRESS #### 
22:07:08.594 INFO  #### ( log_rotate ) LOG ROTATE Scheduled  ####
 
22:07:08.594 INFO  #### EXPRESS LOADED #### 
22:07:08.594 INFO  ####  LOADING  MONGOOSE #### 
22:07:08.656 INFO  #### MONGOOSE LOADED #### 
22:07:08.665 INFO  #### ( get_data ) Event Scheduled  ####
 
22:07:08.665 INFO  Listening on PORT: 5000 
22:07:08.665 INFO  ####  SERVER INITIALIZED   #### 
21:07:15.128 INFO  #### ( log_rotate ) LOG ROTATE Scheduled  ####
 
22:07:59.001 INFO  ####  SERVER INITIALIZING  #### 
22:07:59.002 INFO  ####  LOADING MODULES  ####
 
22:07:59.002 INFO  ####  LOADING ENVIRONMENT VARIABLES  #### 
22:07:59.008 INFO  ####  ENVIRONMENT VARIABLES LOADED  #### 
22:07:59.008 INFO  ####  LOADING  EXPRESS #### 
22:07:59.009 INFO  #### ( log_rotate ) LOG ROTATE Scheduled  ####
 
22:07:59.009 INFO  #### EXPRESS LOADED #### 
22:07:59.009 INFO  ####  LOADING  MONGOOSE #### 
22:07:59.050 INFO  #### MONGOOSE LOADED #### 
22:07:59.062 INFO  #### ( get_data ) Event Scheduled  ####
 
22:07:59.062 INFO  Listening on PORT: 5000 
22:07:59.062 INFO  ####  SERVER INITIALIZED   #### 
23:15:22.400 INFO  ####  SERVER INITIALIZING  #### 
23:15:22.400 INFO  ####  LOADING MODULES  ####
 
23:15:22.400 INFO  ####  LOADING ENVIRONMENT VARIABLES  #### 
23:15:22.419 INFO  ####  ENVIRONMENT VARIABLES LOADED  #### 
23:15:22.419 INFO  ####  LOADING  EXPRESS #### 
23:15:22.425 INFO  #### ( log_rotate ) LOG ROTATE Scheduled  ####
 
23:15:22.425 INFO  #### EXPRESS LOADED #### 
23:15:22.425 INFO  ####  LOADING  MONGOOSE #### 
23:15:22.598 INFO  #### MONGOOSE LOADED #### 
23:15:22.618 INFO  #### ( get_data ) Event Scheduled  ####
 
23:15:22.619 INFO  Listening on PORT: 5000 
23:15:22.620 INFO  ####  SERVER INITIALIZED   #### 
23:16:07.131 INFO  ####  SERVER INITIALIZING  #### 
23:16:07.131 INFO  ####  LOADING MODULES  ####
 
23:16:07.131 INFO  ####  LOADING ENVIRONMENT VARIABLES  #### 
23:16:07.149 INFO  ####  ENVIRONMENT VARIABLES LOADED  #### 
23:16:07.149 INFO  ####  LOADING  EXPRESS #### 
23:16:07.155 INFO  #### ( log_rotate ) LOG ROTATE Scheduled  ####
 
23:16:07.155 INFO  #### EXPRESS LOADED #### 
23:16:07.155 INFO  ####  LOADING  MONGOOSE #### 
23:16:07.323 INFO  #### MONGOOSE LOADED #### 
23:16:07.342 INFO  #### ( get_data ) Event Scheduled  ####
 
23:16:07.343 INFO  Listening on PORT: 5000 
23:16:07.344 INFO  ####  SERVER INITIALIZED   #### 
23:23:20.008 INFO  ####  SERVER INITIALIZING  #### 
23:23:20.008 INFO  ####  LOADING MODULES  ####
 
23:23:20.008 INFO  ####  LOADING ENVIRONMENT VARIABLES  #### 
23:23:20.026 INFO  ####  ENVIRONMENT VARIABLES LOADED  #### 
23:23:20.026 INFO  ####  LOADING  EXPRESS #### 
23:23:20.032 INFO  #### ( log_rotate ) LOG ROTATE Scheduled  ####
 
23:23:20.032 INFO  #### EXPRESS LOADED #### 
23:23:20.032 INFO  ####  LOADING  MONGOOSE #### 
23:23:20.203 INFO  #### MONGOOSE LOADED #### 
23:23:20.222 INFO  #### ( get_data ) Event Scheduled  ####
 
23:23:20.223 INFO  Listening on PORT: 5000 
23:23:20.224 INFO  ####  SERVER INITIALIZED   #### 
23:23:37.685 INFO  ####  SERVER INITIALIZING  #### 
23:23:37.685 INFO  ####  LOADING MODULES  ####
 
23:23:37.685 INFO  ####  LOADING ENVIRONMENT VARIABLES  #### 
23:23:37.702 INFO  ####  ENVIRONMENT VARIABLES LOADED  #### 
23:23:37.702 INFO  ####  LOADING  EXPRESS #### 
23:23:37.708 INFO  #### ( log_rotate ) LOG ROTATE Scheduled  ####
 
23:23:37.708 INFO  #### EXPRESS LOADED #### 
23:23:37.708 INFO  ####  LOADING  MONGOOSE #### 
23:23:37.890 INFO  #### MONGOOSE LOADED #### 
23:23:37.911 INFO  #### ( get_data ) Event Scheduled  ####
 
23:23:37.911 INFO  Listening on PORT: 5000 
23:23:37.912 INFO  ####  SERVER INITIALIZED   #### 
23:24:06.115 INFO  ####  SERVER INITIALIZING  #### 
23:24:06.115 INFO  ####  LOADING MODULES  ####
 
23:24:06.115 INFO  ####  LOADING ENVIRONMENT VARIABLES  #### 
23:24:06.132 INFO  ####  ENVIRONMENT VARIABLES LOADED  #### 
23:24:06.132 INFO  ####  LOADING  EXPRESS #### 
23:24:06.139 INFO  #### ( log_rotate ) LOG ROTATE Scheduled  ####
 
23:24:06.139 INFO  #### EXPRESS LOADED #### 
23:24:06.139 INFO  ####  LOADING  MONGOOSE #### 
23:24:06.311 INFO  #### MONGOOSE LOADED #### 
23:24:06.330 INFO  #### ( get_data ) Event Scheduled  ####
 
23:24:06.331 INFO  Listening on PORT: 5000 
23:24:06.332 INFO  ####  SERVER INITIALIZED   #### 
23:24:32.880 INFO  ####  SERVER INITIALIZING  #### 
23:24:32.880 INFO  ####  LOADING MODULES  ####
 
23:24:32.881 INFO  ####  LOADING ENVIRONMENT VARIABLES  #### 
23:24:32.897 INFO  ####  ENVIRONMENT VARIABLES LOADED  #### 
23:24:32.897 INFO  ####  LOADING  EXPRESS #### 
23:24:32.903 INFO  #### ( log_rotate ) LOG ROTATE Scheduled  ####
 
23:24:32.904 INFO  #### EXPRESS LOADED #### 
23:24:32.904 INFO  ####  LOADING  MONGOOSE #### 
23:24:33.077 INFO  #### MONGOOSE LOADED #### 
23:24:33.096 INFO  #### ( get_data ) Event Scheduled  ####
 
23:24:33.097 INFO  Listening on PORT: 5000 
23:24:33.098 INFO  ####  SERVER INITIALIZED   #### 
23:24:40.098 INFO  ####  SERVER INITIALIZING  #### 
23:24:40.098 INFO  ####  LOADING MODULES  ####
 
23:24:40.098 INFO  ####  LOADING ENVIRONMENT VARIABLES  #### 
23:24:40.116 INFO  ####  ENVIRONMENT VARIABLES LOADED  #### 
23:24:40.116 INFO  ####  LOADING  EXPRESS #### 
23:24:40.123 INFO  #### ( log_rotate ) LOG ROTATE Scheduled  ####
 
23:24:40.123 INFO  #### EXPRESS LOADED #### 
23:24:40.123 INFO  ####  LOADING  MONGOOSE #### 
23:24:40.295 INFO  #### MONGOOSE LOADED #### 
23:24:40.315 INFO  #### ( get_data ) Event Scheduled  ####
 
23:24:40.316 INFO  Listening on PORT: 5000 
23:24:40.316 INFO  ####  SERVER INITIALIZED   #### 
23:24:55.330 INFO  ####  SERVER INITIALIZING  #### 
23:24:55.330 INFO  ####  LOADING MODULES  ####
 
23:24:55.330 INFO  ####  LOADING ENVIRONMENT VARIABLES  #### 
23:24:55.350 INFO  ####  ENVIRONMENT VARIABLES LOADED  #### 
23:24:55.350 INFO  ####  LOADING  EXPRESS #### 
23:24:55.357 INFO  #### ( log_rotate ) LOG ROTATE Scheduled  ####
 
23:24:55.357 INFO  #### EXPRESS LOADED #### 
23:24:55.357 INFO  ####  LOADING  MONGOOSE #### 
23:24:55.585 INFO  #### MONGOOSE LOADED #### 
23:24:55.611 INFO  #### ( get_data ) Event Scheduled  ####
 
23:24:55.613 INFO  Listening on PORT: 5000 
23:24:55.616 INFO  ####  SERVER INITIALIZED   #### 
23:25:10.775 INFO  ####  SERVER INITIALIZING  #### 
23:25:10.775 INFO  ####  LOADING MODULES  ####
 
23:25:10.775 INFO  ####  LOADING ENVIRONMENT VARIABLES  #### 
23:25:10.794 INFO  ####  ENVIRONMENT VARIABLES LOADED  #### 
23:25:10.794 INFO  ####  LOADING  EXPRESS #### 
23:25:10.801 INFO  #### ( log_rotate ) LOG ROTATE Scheduled  ####
 
23:25:10.801 INFO  #### EXPRESS LOADED #### 
23:25:10.801 INFO  ####  LOADING  MONGOOSE #### 
23:25:10.993 INFO  #### MONGOOSE LOADED #### 
23:25:11.014 INFO  #### ( get_data ) Event Scheduled  ####
 
23:25:11.015 INFO  Listening on PORT: 5000 
23:25:11.016 INFO  ####  SERVER INITIALIZED   #### 
23:25:22.502 INFO  ####  SERVER INITIALIZING  #### 
23:25:22.502 INFO  ####  LOADING MODULES  ####
 
23:25:22.502 INFO  ####  LOADING ENVIRONMENT VARIABLES  #### 
23:25:22.520 INFO  ####  ENVIRONMENT VARIABLES LOADED  #### 
23:25:22.520 INFO  ####  LOADING  EXPRESS #### 
23:25:22.526 INFO  #### ( log_rotate ) LOG ROTATE Scheduled  ####
 
23:25:22.526 INFO  #### EXPRESS LOADED #### 
23:25:22.526 INFO  ####  LOADING  MONGOOSE #### 
23:25:22.701 INFO  #### MONGOOSE LOADED #### 
23:25:22.720 INFO  #### ( get_data ) Event Scheduled  ####
 
23:25:22.721 INFO  Listening on PORT: 5000 
23:25:22.722 INFO  ####  SERVER INITIALIZED   #### 
23:36:16.290 INFO  ####  SERVER INITIALIZING  #### 
23:36:16.290 INFO  ####  LOADING MODULES  ####
 
23:36:16.290 INFO  ####  LOADING ENVIRONMENT VARIABLES  #### 
23:36:16.312 INFO  ####  ENVIRONMENT VARIABLES LOADED  #### 
23:36:16.312 INFO  ####  LOADING  EXPRESS #### 
23:36:16.318 INFO  #### ( log_rotate ) LOG ROTATE Scheduled  ####
 
23:36:16.319 INFO  #### EXPRESS LOADED #### 
23:36:16.319 INFO  ####  LOADING  MONGOOSE #### 
23:36:16.499 INFO  #### MONGOOSE LOADED #### 
23:36:16.519 INFO  #### ( get_data ) Event Scheduled  ####
 
23:36:16.520 INFO  Listening on PORT: 5000 
23:36:16.521 INFO  ####  SERVER INITIALIZED   #### 
23:36:28.919 INFO  ####  SERVER INITIALIZING  #### 
23:36:28.919 INFO  ####  LOADING MODULES  ####
 
23:36:28.920 INFO  ####  LOADING ENVIRONMENT VARIABLES  #### 
23:36:28.938 INFO  ####  ENVIRONMENT VARIABLES LOADED  #### 
23:36:28.938 INFO  ####  LOADING  EXPRESS #### 
23:36:28.944 INFO  #### ( log_rotate ) LOG ROTATE Scheduled  ####
 
23:36:28.944 INFO  #### EXPRESS LOADED #### 
23:36:28.944 INFO  ####  LOADING  MONGOOSE #### 
23:36:29.158 INFO  #### MONGOOSE LOADED #### 
23:36:29.180 INFO  #### ( get_data ) Event Scheduled  ####
 
23:36:29.182 INFO  Listening on PORT: 5000 
23:36:29.183 INFO  ####  SERVER INITIALIZED   #### 
23:48:55.752 INFO  ####  SERVER INITIALIZING  #### 
23:48:55.752 INFO  ####  LOADING MODULES  ####
 
23:48:55.752 INFO  ####  LOADING ENVIRONMENT VARIABLES  #### 
23:48:55.769 INFO  ####  ENVIRONMENT VARIABLES LOADED  #### 
23:48:55.769 INFO  ####  LOADING  EXPRESS #### 
23:48:55.776 INFO  #### ( log_rotate ) LOG ROTATE Scheduled  ####
 
23:48:55.776 INFO  #### EXPRESS LOADED #### 
23:48:55.776 INFO  ####  LOADING  MONGOOSE #### 
23:48:55.958 INFO  #### MONGOOSE LOADED #### 
23:48:55.979 INFO  #### ( get_data ) Event Scheduled  ####
 
23:48:55.980 INFO  Listening on PORT: 5000 
23:48:55.981 INFO  ####  SERVER INITIALIZED   #### 
23:50:52.244 INFO  ####  SERVER INITIALIZING  #### 
23:50:52.244 INFO  ####  LOADING MODULES  ####
 
23:50:52.244 INFO  ####  LOADING ENVIRONMENT VARIABLES  #### 
23:50:52.262 INFO  ####  ENVIRONMENT VARIABLES LOADED  #### 
23:50:52.262 INFO  ####  LOADING  EXPRESS #### 
23:50:52.268 INFO  #### ( log_rotate ) LOG ROTATE Scheduled  ####
 
23:50:52.269 INFO  #### EXPRESS LOADED #### 
23:50:52.269 INFO  ####  LOADING  MONGOOSE #### 
23:50:52.505 INFO  #### MONGOOSE LOADED #### 
23:50:52.524 INFO  #### ( get_data ) Event Scheduled  ####
 
23:50:52.525 INFO  Listening on PORT: 5000 
23:50:52.526 INFO  ####  SERVER INITIALIZED   #### 
23:55:46.159 INFO  ####  SERVER INITIALIZING  #### 
23:55:46.160 INFO  ####  LOADING MODULES  ####
 
23:55:46.160 INFO  ####  LOADING ENVIRONMENT VARIABLES  #### 
23:55:46.183 INFO  ####  ENVIRONMENT VARIABLES LOADED  #### 
23:55:46.183 INFO  ####  LOADING  EXPRESS #### 
23:55:46.194 INFO  #### ( log_rotate ) LOG ROTATE Scheduled  ####
 
23:55:46.194 INFO  #### EXPRESS LOADED #### 
23:55:46.194 INFO  ####  LOADING  MONGOOSE #### 
23:55:46.471 INFO  #### MONGOOSE LOADED #### 
23:55:46.496 INFO  #### ( get_data ) Event Scheduled  ####
 
23:55:46.497 INFO  Listening on PORT: 5000 
23:55:46.499 INFO  ####  SERVER INITIALIZED   #### 
23:56:33.977 INFO  ####  SERVER INITIALIZING  #### 
23:56:33.978 INFO  ####  LOADING MODULES  ####
 
23:56:33.978 INFO  ####  LOADING ENVIRONMENT VARIABLES  #### 
23:56:33.997 INFO  ####  ENVIRONMENT VARIABLES LOADED  #### 
23:56:33.997 INFO  ####  LOADING  EXPRESS #### 
23:56:34.005 INFO  #### ( log_rotate ) LOG ROTATE Scheduled  ####
 
23:56:34.005 INFO  #### EXPRESS LOADED #### 
23:56:34.005 INFO  ####  LOADING  MONGOOSE #### 
23:56:34.187 INFO  #### MONGOOSE LOADED #### 
23:56:34.207 INFO  #### ( get_data ) Event Scheduled  ####
 
23:56:34.208 INFO  Listening on PORT: 5000 
23:56:34.211 INFO  ####  SERVER INITIALIZED   #### 
23:56:40.537 INFO  ####  SERVER INITIALIZING  #### 
23:56:40.537 INFO  ####  LOADING MODULES  ####
 
23:56:40.537 INFO  ####  LOADING ENVIRONMENT VARIABLES  #### 
23:56:40.555 INFO  ####  ENVIRONMENT VARIABLES LOADED  #### 
23:56:40.555 INFO  ####  LOADING  EXPRESS #### 
23:56:40.563 INFO  #### ( log_rotate ) LOG ROTATE Scheduled  ####
 
23:56:40.563 INFO  #### EXPRESS LOADED #### 
23:56:40.563 INFO  ####  LOADING  MONGOOSE #### 
23:56:40.762 INFO  #### MONGOOSE LOADED #### 
23:56:40.781 INFO  #### ( get_data ) Event Scheduled  ####
 
23:56:40.782 INFO  Listening on PORT: 5000 
23:56:40.783 INFO  ####  SERVER INITIALIZED   #### 
23:57:16.703 INFO  ####  SERVER INITIALIZING  #### 
23:57:16.703 INFO  ####  LOADING MODULES  ####
 
23:57:16.703 INFO  ####  LOADING ENVIRONMENT VARIABLES  #### 
23:57:16.721 INFO  ####  ENVIRONMENT VARIABLES LOADED  #### 
23:57:16.721 INFO  ####  LOADING  EXPRESS #### 
23:57:16.728 INFO  #### ( log_rotate ) LOG ROTATE Scheduled  ####
 
23:57:16.728 INFO  #### EXPRESS LOADED #### 
23:57:16.728 INFO  ####  LOADING  MONGOOSE #### 
23:57:16.901 INFO  #### MONGOOSE LOADED #### 
23:57:16.920 INFO  #### ( get_data ) Event Scheduled  ####
 
23:57:16.921 INFO  Listening on PORT: 5000 
23:57:16.922 INFO  ####  SERVER INITIALIZED   #### 
23:58:07.215 INFO  ####  SERVER INITIALIZING  #### 
23:58:07.215 INFO  ####  LOADING MODULES  ####
 
23:58:07.215 INFO  ####  LOADING ENVIRONMENT VARIABLES  #### 
23:58:07.233 INFO  ####  ENVIRONMENT VARIABLES LOADED  #### 
23:58:07.233 INFO  ####  LOADING  EXPRESS #### 
23:58:07.241 INFO  #### ( log_rotate ) LOG ROTATE Scheduled  ####
 
23:58:07.241 INFO  #### EXPRESS LOADED #### 
23:58:07.241 INFO  ####  LOADING  MONGOOSE #### 
23:58:07.442 INFO  #### MONGOOSE LOADED #### 
23:58:07.462 INFO  #### ( get_data ) Event Scheduled  ####
 
23:58:07.463 INFO  Listening on PORT: 5000 
23:58:07.464 INFO  ####  SERVER INITIALIZED   #### 
23:58:42.923 INFO  ####  SERVER INITIALIZING  #### 
23:58:42.923 INFO  ####  LOADING MODULES  ####
 
23:58:42.923 INFO  ####  LOADING ENVIRONMENT VARIABLES  #### 
23:58:42.940 INFO  ####  ENVIRONMENT VARIABLES LOADED  #### 
23:58:42.940 INFO  ####  LOADING  EXPRESS #### 
23:58:42.946 INFO  #### ( log_rotate ) LOG ROTATE Scheduled  ####
 
23:58:42.946 INFO  #### EXPRESS LOADED #### 
23:58:42.946 INFO  ####  LOADING  MONGOOSE #### 
23:58:43.123 INFO  #### MONGOOSE LOADED #### 
23:58:43.143 INFO  #### ( get_data ) Event Scheduled  ####
 
23:58:43.144 INFO  Listening on PORT: 5000 
23:58:43.145 INFO  ####  SERVER INITIALIZED   #### 
23:58:49.039 INFO  ####  SERVER INITIALIZING  #### 
23:58:49.039 INFO  ####  LOADING MODULES  ####
 
23:58:49.039 INFO  ####  LOADING ENVIRONMENT VARIABLES  #### 
23:58:49.058 INFO  ####  ENVIRONMENT VARIABLES LOADED  #### 
23:58:49.058 INFO  ####  LOADING  EXPRESS #### 
23:58:49.064 INFO  #### ( log_rotate ) LOG ROTATE Scheduled  ####
 
23:58:49.065 INFO  #### EXPRESS LOADED #### 
23:58:49.065 INFO  ####  LOADING  MONGOOSE #### 
23:58:49.320 INFO  #### MONGOOSE LOADED #### 
23:58:49.342 INFO  #### ( get_data ) Event Scheduled  ####
 
23:58:49.343 INFO  Listening on PORT: 5000 
23:58:49.373 INFO  ####  SERVER INITIALIZED   #### 
23:59:24.211 INFO  ####  SERVER INITIALIZING  #### 
23:59:24.211 INFO  ####  LOADING MODULES  ####
 
23:59:24.211 INFO  ####  LOADING ENVIRONMENT VARIABLES  #### 
23:59:24.230 INFO  ####  ENVIRONMENT VARIABLES LOADED  #### 
23:59:24.230 INFO  ####  LOADING  EXPRESS #### 
23:59:24.236 INFO  #### ( log_rotate ) LOG ROTATE Scheduled  ####
 
23:59:24.236 INFO  #### EXPRESS LOADED #### 
23:59:24.236 INFO  ####  LOADING  MONGOOSE #### 
23:59:24.416 INFO  #### MONGOOSE LOADED #### 
23:59:24.434 INFO  #### ( get_data ) Event Scheduled  ####
 
23:59:24.435 INFO  Listening on PORT: 5000 
23:59:24.437 INFO  ####  SERVER INITIALIZED   #### 
