01:02:03.514 INFO  ####  SERVER INITIALIZING  #### 
01:02:03.514 INFO  ####  LOADING MODULES  ####
 
01:02:03.514 INFO  ####  LOADING ENVIRONMENT VARIABLES  #### 
01:02:03.519 INFO  ####  ENVIRONMENT VARIABLES LOADED  #### 
01:02:03.519 INFO  ####  LOADING  EXPRESS #### 
01:02:03.520 INFO  #### ( log_rotate ) LOG ROTATE Scheduled  ####
 
01:02:03.520 INFO  #### EXPRESS LOADED #### 
01:02:03.520 INFO  ####  LOADING  MONGOOSE #### 
01:02:03.556 INFO  #### MONGOOSE LOADED #### 
01:02:03.564 INFO  #### ( get_data ) Event Scheduled  ####
 
01:02:03.565 INFO  Listening on PORT: 5000 
01:02:03.565 INFO  ####  SERVER INITIALIZED   #### 
01:02:14.019 INFO  ####  SERVER INITIALIZING  #### 
01:02:14.019 INFO  ####  LOADING MODULES  ####
 
01:02:14.019 INFO  ####  LOADING ENVIRONMENT VARIABLES  #### 
01:02:14.024 INFO  ####  ENVIRONMENT VARIABLES LOADED  #### 
01:02:14.024 INFO  ####  LOADING  EXPRESS #### 
01:02:14.025 INFO  #### ( log_rotate ) LOG ROTATE Scheduled  ####
 
01:02:14.025 INFO  #### EXPRESS LOADED #### 
01:02:14.025 INFO  ####  LOADING  MONGOOSE #### 
01:02:14.056 INFO  #### MONGOOSE LOADED #### 
01:02:14.068 INFO  #### ( get_data ) Event Scheduled  ####
 
01:02:14.068 INFO  Listening on PORT: 5000 
01:02:14.069 INFO  ####  SERVER INITIALIZED   #### 
01:03:03.281 INFO  GET_DATA ACCOMPLISHED 
